%!Adobe-FontList 1.15
%Locale:0x409

%BeginFont
Handler:DirectoryHandler
FontType:TrueType
FontName:AbadiMT-CondensedExtraBold
FamilyName:Abadi MT Condensed Extra Bold
StyleName:Regular
MenuName:Abadi MT Condensed Extra Bold
StyleBits:0
WeightClass:400
WidthClass:3
AngleClass:0
FullName:Abadi MT Condensed Extra Bold
WritingScript:Roman
OutlineFileName:\Abadi MT Condensed Extra Bold
DataFormat:sfntResource
ResourceID:6002
FileLength:69637
FileModTime:1276583230
NameArray:0,Mac,4,Abadi MT Condensed Extra Bold
NameArray:0,Win,1,Abadi MT Condensed Extra Bold
%EndFont

%BeginFont
Handler:DirectoryHandler
FontType:Suitcase
FontName:AbadiMT-CondensedExtraBold
OutlineFileName:\Abadi MT Condensed Extra Bold
ResourceID:3026
MacStyle:0
FileLength:69637
FileModTime:1276583230
%EndFont

%BeginFont
Handler:DirectoryHandler
FontType:Suitcase
FontName:AbadiMT-CondensedExtraBold
OutlineFileName:\Abadi MT Condensed Extra Bold
ResourceID:3026
MacStyle:1
FileLength:69637
FileModTime:1276583230
%EndFont

%BeginFont
Handler:DirectoryHandler
FontType:TrueType
FontName:GillSans
FamilyName:Gill Sans
StyleName:Regular
MenuName:Gill Sans
StyleBits:0
WeightClass:400
WidthClass:5
AngleClass:0
FullName:Gill Sans
WritingScript:Roman
OutlineFileName:\GillSans.ttc
TTCOffset:60
DataFormat:sfntData
FileLength:1223876
FileModTime:1426754945
NameArray:0,Mac,4,Gill Sans
%EndFont

%BeginFont
Handler:DirectoryHandler
FontType:TrueType
FontName:GillSans-UltraBold
FamilyName:Gill Sans
StyleName:UltraBold
MenuName:Gill Sans
StyleBits:0
WeightClass:1000
WidthClass:5
AngleClass:0
FullName:Gill Sans UltraBold
WritingScript:Roman
OutlineFileName:\GillSans.ttc
TTCOffset:408
DataFormat:sfntData
FileLength:1223876
FileModTime:1426754945
NameArray:0,Mac,4,Gill Sans UltraBold
NameArray:0,Win,16,Gill Sans
%EndFont

%BeginFont
Handler:DirectoryHandler
FontType:TrueType
FontName:GillSans-SemiBoldItalic
FamilyName:Gill Sans
StyleName:SemiBold Italic
MenuName:Gill Sans
StyleBits:1
WeightClass:600
WidthClass:5
AngleClass:1
FullName:Gill Sans SemiBold Italic
FamilyNameNative:
StyleNameNative:SemiBold Italic
FullNameNative:
WritingScript:Cyrillic
OutlineFileName:\GillSans.ttc
TTCOffset:708
DataFormat:sfntData
FileLength:1223876
FileModTime:1426754945
NameArray:0,Mac,4,Gill Sans SemiBold Italic
NameArray:0,Win,1,Gill Sans
%EndFont

%BeginFont
Handler:DirectoryHandler
FontType:TrueType
FontName:GillSans-SemiBold
FamilyName:Gill Sans
StyleName:SemiBold
MenuName:Gill Sans
StyleBits:0
WeightClass:600
WidthClass:5
AngleClass:0
FullName:Gill Sans SemiBold
FamilyNameNative:
StyleNameNative:SemiBold
FullNameNative:
WritingScript:Cyrillic
OutlineFileName:\GillSans.ttc
TTCOffset:976
DataFormat:sfntData
FileLength:1223876
FileModTime:1426754945
NameArray:0,Mac,4,Gill Sans SemiBold
NameArray:0,Win,1,Gill Sans
%EndFont

%BeginFont
Handler:DirectoryHandler
FontType:TrueType
FontName:GillSans-LightItalic
FamilyName:Gill Sans
StyleName:Light Italic
MenuName:Gill Sans
StyleBits:1
WeightClass:300
WidthClass:5
AngleClass:1
FullName:Gill Sans Light Italic
WritingScript:Roman
OutlineFileName:\GillSans.ttc
TTCOffset:1244
DataFormat:sfntData
FileLength:1223876
FileModTime:1426754945
NameArray:0,Mac,4,Gill Sans Light Italic
%EndFont

%BeginFont
Handler:DirectoryHandler
FontType:TrueType
FontName:GillSans-Light
FamilyName:Gill Sans
StyleName:Light
MenuName:Gill Sans
StyleBits:0
WeightClass:300
WidthClass:5
AngleClass:0
FullName:Gill Sans Light
WritingScript:Roman
OutlineFileName:\GillSans.ttc
TTCOffset:1576
DataFormat:sfntData
FileLength:1223876
FileModTime:1426754945
NameArray:0,Mac,4,Gill Sans Light
%EndFont

%BeginFont
Handler:DirectoryHandler
FontType:TrueType
FontName:GillSans-Italic
FamilyName:Gill Sans
StyleName:Italic
MenuName:Gill Sans
StyleBits:1
WeightClass:400
WidthClass:5
AngleClass:1
FullName:Gill Sans Italic
WritingScript:Roman
OutlineFileName:\GillSans.ttc
TTCOffset:1892
DataFormat:sfntData
FileLength:1223876
FileModTime:1426754945
NameArray:0,Mac,4,Gill Sans Italic
%EndFont

%BeginFont
Handler:DirectoryHandler
FontType:TrueType
FontName:GillSans-BoldItalic
FamilyName:Gill Sans
StyleName:Bold Italic
MenuName:Gill Sans
StyleBits:3
WeightClass:700
WidthClass:5
AngleClass:1
FullName:Gill Sans Bold Italic
WritingScript:Roman
OutlineFileName:\GillSans.ttc
TTCOffset:2224
DataFormat:sfntData
FileLength:1223876
FileModTime:1426754945
NameArray:0,Mac,4,Gill Sans Bold Italic
%EndFont

%BeginFont
Handler:DirectoryHandler
FontType:TrueType
FontName:GillSans-Bold
FamilyName:Gill Sans
StyleName:Bold
MenuName:Gill Sans
StyleBits:2
WeightClass:700
WidthClass:5
AngleClass:0
FullName:Gill Sans Bold
WritingScript:Roman
OutlineFileName:\GillSans.ttc
TTCOffset:2556
DataFormat:sfntData
FileLength:1223876
FileModTime:1426754945
NameArray:0,Mac,4,Gill Sans Bold
%EndFont

%BeginFont
Handler:DirectoryHandler
FontType:TrueType
FontName:Marion-Regular
FamilyName:Marion
StyleName:Regular
MenuName:Marion
StyleBits:0
WeightClass:400
WidthClass:5
AngleClass:0
FullName:Marion Regular
WritingScript:Roman
OutlineFileName:\Marion.ttc
TTCOffset:36
DataFormat:sfntData
FileLength:915780
FileModTime:1426754946
NameArray:0,Mac,4,Marion Regular
NameArray:0,Win,1,Marion
%EndFont

%BeginFont
Handler:DirectoryHandler
FontType:TrueType
FontName:Marion-Italic
FamilyName:Marion
StyleName:Italic
MenuName:Marion
StyleBits:1
WeightClass:400
WidthClass:5
AngleClass:1
FullName:Marion Italic
WritingScript:Roman
OutlineFileName:\Marion.ttc
TTCOffset:352
DataFormat:sfntData
FileLength:915780
FileModTime:1426754946
NameArray:0,Mac,4,Marion Italic
NameArray:0,Win,1,Marion
%EndFont

%BeginFont
Handler:DirectoryHandler
FontType:TrueType
FontName:Marion-Bold
FamilyName:Marion
StyleName:Bold
MenuName:Marion
StyleBits:2
WeightClass:700
WidthClass:5
AngleClass:0
FullName:Marion Bold
WritingScript:Roman
OutlineFileName:\Marion.ttc
TTCOffset:668
DataFormat:sfntData
FileLength:915780
FileModTime:1426754946
NameArray:0,Mac,4,Marion Bold
NameArray:0,Win,1,Marion
%EndFont

%BeginFont
Handler:DirectoryHandler
FontType:Type1
FontName:MinionPro-Regular
FamilyName:Minion Pro
StyleName:Regular
MenuName:Minion Pro
StyleBits:0
WeightClass:400
WidthClass:5
AngleClass:0
FullName:Minion Pro
WritingScript:Roman
OutlineFileName:\MinionPro-Regular.otf
DataFormat:sfntData
UsesStandardEncoding:yes
isCFF:yes
FileLength:218640
FileModTime:1434602152
DesignSize:110
NameArray:0,Mac,4,Minion Pro
NameArray:0,Win,1,Minion Pro
%EndFont

%BeginFont
Handler:DirectoryHandler
FontType:TrueType
FontName:SocialicoPlus
FamilyName:Socialico Plus
StyleName:Regular
MenuName:Socialico Plus
StyleBits:0
WeightClass:400
WidthClass:5
AngleClass:0
FullName:SocialicoPlus
WritingScript:Roman
OutlineFileName:\Socialico Plus.ttf
DataFormat:sfntData
FileLength:38188
FileModTime:1391195502
NameArray:0,Mac,4,Socialico Plus
NameArray:0,Win,1,Socialico Plus
%EndFont

